{"/home/guilherme/Documentos/Activities/projeto21-singmeasong-back/src/services/recommendationsService.ts": {"path":"/home/guilherme/Documentos/Activities/projeto21-singmeasong-back/src/services/recommendationsService.ts","statementMap":{"0":{"start":{"line":2,"column":0},"end":{"line":2,"column":87}},"1":{"start":{"line":3,"column":0},"end":{"line":3,"column":70}},"2":{"start":{"line":8,"column":32},"end":{"line":9,"column":null}},"3":{"start":{"line":11,"column":1},"end":{"line":12,"column":62}},"4":{"start":{"line":12,"column":2},"end":{"line":12,"column":62}},"5":{"start":{"line":14,"column":1},"end":{"line":14,"column":65}},"6":{"start":{"line":18,"column":1},"end":{"line":18,"column":25}},"7":{"start":{"line":20,"column":1},"end":{"line":20,"column":61}},"8":{"start":{"line":24,"column":1},"end":{"line":24,"column":25}},"9":{"start":{"line":26,"column":31},"end":{"line":28,"column":null}},"10":{"start":{"line":31,"column":1},"end":{"line":33,"column":null}},"11":{"start":{"line":32,"column":2},"end":{"line":32,"column":44}},"12":{"start":{"line":37,"column":24},"end":{"line":37,"column":63}},"13":{"start":{"line":38,"column":1},"end":{"line":38,"column":44}},"14":{"start":{"line":38,"column":22},"end":{"line":38,"column":44}},"15":{"start":{"line":40,"column":1},"end":{"line":40,"column":23}},"16":{"start":{"line":44,"column":1},"end":{"line":44,"column":43}},"17":{"start":{"line":48,"column":1},"end":{"line":48,"column":58}},"18":{"start":{"line":52,"column":16},"end":{"line":52,"column":29}},"19":{"start":{"line":53,"column":21},"end":{"line":53,"column":43}},"20":{"start":{"line":55,"column":25},"end":{"line":55,"column":54}},"21":{"start":{"line":56,"column":1},"end":{"line":58,"column":null}},"22":{"start":{"line":57,"column":2},"end":{"line":57,"column":24}},"23":{"start":{"line":60,"column":21},"end":{"line":60,"column":71}},"24":{"start":{"line":61,"column":1},"end":{"line":61,"column":37}},"25":{"start":{"line":65,"column":25},"end":{"line":68,"column":3}},"26":{"start":{"line":70,"column":1},"end":{"line":72,"column":null}},"27":{"start":{"line":71,"column":2},"end":{"line":71,"column":25}},"28":{"start":{"line":74,"column":1},"end":{"line":74,"column":43}},"29":{"start":{"line":78,"column":1},"end":{"line":80,"column":null}},"30":{"start":{"line":79,"column":2},"end":{"line":79,"column":14}},"31":{"start":{"line":82,"column":1},"end":{"line":82,"column":14}},"32":{"start":{"line":85,"column":13},"end":{"line":95,"column":2}}},"fnMap":{"0":{"name":"insert","decl":{"start":{"line":7,"column":15},"end":{"line":7,"column":21}},"loc":{"start":{"line":7,"column":72},"end":{"line":15,"column":null}}},"1":{"name":"upvote","decl":{"start":{"line":17,"column":15},"end":{"line":17,"column":21}},"loc":{"start":{"line":17,"column":32},"end":{"line":21,"column":null}}},"2":{"name":"downvote","decl":{"start":{"line":23,"column":15},"end":{"line":23,"column":23}},"loc":{"start":{"line":23,"column":34},"end":{"line":34,"column":null}}},"3":{"name":"getByIdOrFail","decl":{"start":{"line":36,"column":15},"end":{"line":36,"column":28}},"loc":{"start":{"line":36,"column":39},"end":{"line":41,"column":null}}},"4":{"name":"get","decl":{"start":{"line":43,"column":15},"end":{"line":43,"column":18}},"loc":{"start":{"line":43,"column":18},"end":{"line":45,"column":null}}},"5":{"name":"getTop","decl":{"start":{"line":47,"column":15},"end":{"line":47,"column":21}},"loc":{"start":{"line":47,"column":36},"end":{"line":49,"column":null}}},"6":{"name":"getRandom","decl":{"start":{"line":51,"column":15},"end":{"line":51,"column":24}},"loc":{"start":{"line":51,"column":24},"end":{"line":62,"column":null}}},"7":{"name":"getByScore","decl":{"start":{"line":64,"column":15},"end":{"line":64,"column":25}},"loc":{"start":{"line":64,"column":51},"end":{"line":75,"column":null}}},"8":{"name":"getScoreFilter","decl":{"start":{"line":77,"column":9},"end":{"line":77,"column":23}},"loc":{"start":{"line":77,"column":38},"end":{"line":83,"column":1}}}},"branchMap":{"0":{"loc":{"start":{"line":11,"column":1},"end":{"line":12,"column":62}},"type":"if","locations":[{"start":{"line":11,"column":1},"end":{"line":12,"column":62}}]},"1":{"loc":{"start":{"line":31,"column":1},"end":{"line":33,"column":null}},"type":"if","locations":[{"start":{"line":31,"column":1},"end":{"line":33,"column":null}}]},"2":{"loc":{"start":{"line":38,"column":1},"end":{"line":38,"column":44}},"type":"if","locations":[{"start":{"line":38,"column":1},"end":{"line":38,"column":44}}]},"3":{"loc":{"start":{"line":56,"column":1},"end":{"line":58,"column":null}},"type":"if","locations":[{"start":{"line":56,"column":1},"end":{"line":58,"column":null}}]},"4":{"loc":{"start":{"line":70,"column":1},"end":{"line":72,"column":null}},"type":"if","locations":[{"start":{"line":70,"column":1},"end":{"line":72,"column":null}}]},"5":{"loc":{"start":{"line":78,"column":1},"end":{"line":80,"column":null}},"type":"if","locations":[{"start":{"line":78,"column":1},"end":{"line":80,"column":null}}]}},"s":{"0":1,"1":1,"2":2,"3":2,"4":1,"5":1,"6":2,"7":1,"8":3,"9":2,"10":2,"11":1,"12":5,"13":5,"14":2,"15":3,"16":1,"17":1,"18":3,"19":3,"20":3,"21":3,"22":1,"23":2,"24":2,"25":3,"26":3,"27":2,"28":1,"29":5,"30":4,"31":1,"32":1},"f":{"0":2,"1":2,"2":3,"3":5,"4":1,"5":1,"6":3,"7":3,"8":5},"b":{"0":[1],"1":[1],"2":[2],"3":[1],"4":[2],"5":[4]}}
,"/home/guilherme/Documentos/Activities/projeto21-singmeasong-back/tests/unit/factories/recommendationsFactory.ts": {"path":"/home/guilherme/Documentos/Activities/projeto21-singmeasong-back/tests/unit/factories/recommendationsFactory.ts","statementMap":{"0":{"start":{"line":5,"column":1},"end":{"line":10,"column":3}},"1":{"start":{"line":3,"column":0},"end":{"line":3,"column":16}}},"fnMap":{"0":{"name":"recommendationData","decl":{"start":{"line":3,"column":16},"end":{"line":3,"column":34}},"loc":{"start":{"line":3,"column":48},"end":{"line":11,"column":1}}}},"branchMap":{},"s":{"0":2,"1":1},"f":{"0":2},"b":{}}
}
