TN:
SF:src/app.ts
FNF:0
FNH:0
DA:1,1
DA:2,1
DA:3,1
DA:4,1
DA:5,1
DA:6,1
DA:7,1
DA:9,1
DA:11,1
DA:12,1
DA:13,1
DA:15,1
DA:16,1
DA:19,1
DA:20,1
DA:22,1
LF:16
LH:16
BRDA:15,0,0,1
BRF:1
BRH:1
end_of_record
TN:
SF:src/database.ts
FNF:0
FNH:0
DA:1,2
DA:3,2
DA:4,2
LF:3
LH:3
BRF:0
BRH:0
end_of_record
TN:
SF:src/controllers/recommendationController.ts
FN:6,insert
FN:17,upvote
FN:25,downvote
FN:33,random
FN:39,get
FN:44,getTop
FN:51,getById
FNF:7
FNH:7
FNDA:7,insert
FNDA:2,upvote
FNDA:2,downvote
FNDA:2,random
FNDA:1,get
FNDA:3,getTop
FNDA:2,getById
DA:2,1
DA:3,1
DA:4,1
DA:7,7
DA:8,7
DA:9,4
DA:12,3
DA:14,2
DA:18,2
DA:20,2
DA:22,1
DA:26,2
DA:28,2
DA:30,2
DA:34,2
DA:36,1
DA:40,1
DA:41,1
DA:45,3
DA:47,3
DA:48,2
DA:52,2
DA:54,2
DA:55,1
DA:58,1
LF:25
LH:25
BRDA:8,0,0,4
BRF:1
BRH:1
end_of_record
TN:
SF:src/controllers/testController.ts
FN:4,truncate
FNF:1
FNH:0
FNDA:0,truncate
DA:2,1
DA:4,1
DA:5,0
DA:7,0
LF:4
LH:2
BRF:0
BRH:0
end_of_record
TN:
SF:src/middlewares/errorHandlerMiddleware.ts
FN:8,errorHandlerMiddleware
FNF:1
FNH:1
FNDA:9,errorHandlerMiddleware
DA:2,1
DA:8,1
DA:14,9
DA:16,9
DA:17,8
DA:20,1
LF:6
LH:6
BRDA:16,0,0,8
BRF:1
BRH:1
end_of_record
TN:
SF:src/repositories/recommendationRepository.ts
FN:5,create
FN:16,findAll
FN:26,getAmountByScore
FN:33,getFindAllFilter
FN:45,find
FN:51,findByName
FN:57,updateScore
FN:66,remove
FNF:8
FNH:8
FNDA:2,create
FNDA:4,findAll
FNDA:3,getAmountByScore
FNDA:4,getFindAllFilter
FNDA:6,find
FNDA:3,findByName
FNDA:3,updateScore
FNDA:1,remove
DA:2,2
DA:6,2
DA:17,4
DA:19,4
DA:27,3
DA:36,4
DA:38,2
DA:40,2
DA:46,6
DA:52,3
DA:58,3
DA:67,1
DA:72,2
LF:13
LH:13
BRDA:36,0,0,2
BRF:1
BRH:1
end_of_record
TN:
SF:src/repositories/testRepository.ts
FN:3,truncate
FNF:1
FNH:0
FNDA:0,truncate
DA:1,1
DA:3,1
DA:4,0
LF:3
LH:2
BRF:0
BRH:0
end_of_record
TN:
SF:src/routers/recommendationRouter.ts
FNF:0
FNH:0
DA:1,1
DA:2,1
DA:4,1
DA:6,1
DA:7,1
DA:8,1
DA:9,1
DA:10,1
DA:11,1
DA:12,1
DA:14,1
LF:11
LH:11
BRF:0
BRH:0
end_of_record
TN:
SF:src/routers/testRouter.ts
FNF:0
FNH:0
DA:1,1
DA:2,1
DA:4,1
DA:6,1
DA:8,1
LF:5
LH:5
BRF:0
BRH:0
end_of_record
TN:
SF:src/schemas/recommendationsSchemas.ts
FNF:0
FNH:0
DA:1,1
DA:4,1
DA:6,1
LF:3
LH:3
BRF:0
BRH:0
end_of_record
TN:
SF:src/services/recommendationsService.ts
FN:7,insert
FN:17,upvote
FN:23,downvote
FN:36,getByIdOrFail
FN:43,get
FN:47,getTop
FN:51,getRandom
FN:64,getByScore
FN:77,getScoreFilter
FNF:9
FNH:9
FNDA:5,insert
FNDA:4,upvote
FNDA:5,downvote
FNDA:11,getByIdOrFail
FNDA:2,get
FNDA:4,getTop
FNDA:5,getRandom
FNDA:5,getByScore
FNDA:7,getScoreFilter
DA:2,2
DA:3,2
DA:8,5
DA:11,5
DA:12,2
DA:14,3
DA:18,4
DA:20,2
DA:24,5
DA:26,4
DA:31,4
DA:32,2
DA:37,11
DA:38,11
DA:40,7
DA:44,2
DA:48,4
DA:52,5
DA:53,5
DA:55,5
DA:56,5
DA:57,2
DA:60,3
DA:61,3
DA:65,5
DA:70,5
DA:71,3
DA:74,2
DA:78,7
DA:79,3
DA:82,4
DA:85,2
LF:32
LH:32
BRDA:11,0,0,2
BRDA:31,1,0,2
BRDA:38,2,0,4
BRDA:56,3,0,2
BRDA:70,4,0,3
BRDA:78,5,0,3
BRF:6
BRH:6
end_of_record
TN:
SF:src/services/testService.ts
FN:3,truncate
FNF:1
FNH:0
FNDA:0,truncate
DA:1,1
DA:3,1
DA:4,0
LF:3
LH:2
BRF:0
BRH:0
end_of_record
TN:
SF:src/utils/errorUtils.ts
FN:7,isAppError
FN:11,errorTypeToStatusCode
FN:19,conflictError
FN:23,notFoundError
FN:27,unauthorizedError
FN:31,wrongSchemaError
FNF:6
FNH:5
FNDA:9,isAppError
FNDA:8,errorTypeToStatusCode
FNDA:2,conflictError
FNDA:6,notFoundError
FNDA:0,unauthorizedError
FNDA:4,wrongSchemaError
DA:7,2
DA:8,9
DA:11,2
DA:12,8
DA:13,7
DA:14,4
DA:15,4
DA:16,0
DA:19,2
DA:20,2
DA:23,2
DA:24,6
DA:27,2
DA:28,0
DA:31,2
DA:32,4
LF:16
LH:14
BRDA:12,0,0,1
BRDA:13,1,0,3
BRDA:14,2,0,0
BRDA:15,3,0,4
BRDA:20,4,0,2
BRDA:20,4,1,0
BRDA:20,5,0,2
BRDA:20,5,1,2
BRDA:24,6,0,0
BRDA:24,6,1,6
BRDA:24,7,0,6
BRDA:24,7,1,6
BRDA:28,8,0,0
BRDA:28,8,1,0
BRDA:28,9,0,0
BRDA:28,9,1,0
BRDA:32,10,0,0
BRDA:32,10,1,4
BRDA:32,11,0,4
BRDA:32,11,1,4
BRF:20
BRH:12
end_of_record
TN:
SF:tests/factories/recommendFactory.ts
FN:3,CreateRecommendationFactory
FNF:1
FNH:1
FNDA:73,CreateRecommendationFactory
DA:1,2
DA:3,2
DA:5,73
LF:3
LH:3
BRF:0
BRH:0
end_of_record
TN:
SF:tests/factories/scenarioFactory.ts
FN:5,deleteData
FN:10,createScenario20Recommendations
FN:26,createScenarioToReturnOneRecommendation
FN:37,createScenarioToDeleteWithDownvote
FN:47,createScenarioForGetRandomRecommendation
FNF:5
FNH:5
FNDA:18,deleteData
FNDA:3,createScenario20Recommendations
FNDA:4,createScenarioToReturnOneRecommendation
FNDA:1,createScenarioToDeleteWithDownvote
FNDA:1,createScenarioForGetRandomRecommendation
DA:1,1
DA:2,1
DA:3,1
DA:5,1
DA:7,18
DA:10,1
DA:12,3
DA:14,3
DA:15,57
DA:16,57
DA:18,57
DA:26,1
DA:28,4
DA:30,4
DA:34,4
DA:37,1
DA:38,1
DA:40,1
DA:44,1
DA:47,1
DA:48,1
DA:49,1
DA:51,1
DA:55,1
LF:24
LH:24
BRF:0
BRH:0
end_of_record
