TN:
SF:src/app.ts
FNF:0
FNH:0
DA:1,1
DA:2,1
DA:3,1
DA:4,1
DA:5,1
DA:7,1
DA:8,1
DA:9,1
DA:11,1
DA:12,1
DA:14,1
LF:11
LH:11
BRF:0
BRH:0
end_of_record
TN:
SF:src/database.ts
FNF:0
FNH:0
DA:1,1
DA:3,1
DA:4,1
LF:3
LH:3
BRF:0
BRH:0
end_of_record
TN:
SF:src/controllers/recommendationController.ts
FN:6,insert
FN:17,upvote
FN:25,downvote
FN:33,random
FN:39,get
FN:44,getTop
FN:51,getById
FNF:7
FNH:5
FNDA:7,insert
FNDA:2,upvote
FNDA:2,downvote
FNDA:0,random
FNDA:1,get
FNDA:0,getTop
FNDA:2,getById
DA:2,1
DA:3,1
DA:4,1
DA:7,7
DA:8,7
DA:9,4
DA:12,3
DA:14,2
DA:18,2
DA:20,2
DA:22,1
DA:26,2
DA:28,2
DA:30,2
DA:34,0
DA:36,0
DA:40,1
DA:41,1
DA:45,0
DA:47,0
DA:48,0
DA:52,2
DA:54,2
DA:55,1
DA:58,1
LF:25
LH:20
BRDA:8,0,0,4
BRF:1
BRH:1
end_of_record
TN:
SF:src/middlewares/errorHandlerMiddleware.ts
FN:8,errorHandlerMiddleware
FNF:1
FNH:1
FNDA:7,errorHandlerMiddleware
DA:2,1
DA:8,1
DA:14,7
DA:16,7
DA:17,7
DA:20,0
LF:6
LH:5
BRDA:16,0,0,7
BRF:1
BRH:1
end_of_record
TN:
SF:src/repositories/recommendationRepository.ts
FN:5,create
FN:16,findAll
FN:26,getAmountByScore
FN:33,getFindAllFilter
FN:45,find
FN:51,findByName
FN:57,updateScore
FN:66,remove
FNF:8
FNH:7
FNDA:2,create
FNDA:1,findAll
FNDA:0,getAmountByScore
FNDA:1,getFindAllFilter
FNDA:6,find
FNDA:3,findByName
FNDA:3,updateScore
FNDA:1,remove
DA:2,1
DA:6,2
DA:17,1
DA:19,1
DA:27,0
DA:36,1
DA:38,0
DA:40,0
DA:46,6
DA:52,3
DA:58,3
DA:67,1
DA:72,1
LF:13
LH:10
BRDA:36,0,0,1
BRF:1
BRH:1
end_of_record
TN:
SF:src/routers/recommendationRouter.ts
FNF:0
FNH:0
DA:1,1
DA:2,1
DA:4,1
DA:6,1
DA:7,1
DA:8,1
DA:9,1
DA:10,1
DA:11,1
DA:12,1
DA:14,1
LF:11
LH:11
BRF:0
BRH:0
end_of_record
TN:
SF:src/schemas/recommendationsSchemas.ts
FNF:0
FNH:0
DA:1,1
DA:4,1
DA:6,1
LF:3
LH:3
BRF:0
BRH:0
end_of_record
TN:
SF:src/services/recommendationsService.ts
FN:7,insert
FN:17,upvote
FN:23,downvote
FN:36,getByIdOrFail
FN:43,get
FN:47,getTop
FN:51,getRandom
FN:64,getByScore
FN:77,getScoreFilter
FNF:9
FNH:5
FNDA:3,insert
FNDA:2,upvote
FNDA:2,downvote
FNDA:6,getByIdOrFail
FNDA:1,get
FNDA:0,getTop
FNDA:0,getRandom
FNDA:0,getByScore
FNDA:0,getScoreFilter
DA:2,1
DA:3,1
DA:8,3
DA:11,3
DA:12,1
DA:14,2
DA:18,2
DA:20,1
DA:24,2
DA:26,2
DA:31,2
DA:32,1
DA:37,6
DA:38,6
DA:40,4
DA:44,1
DA:48,0
DA:52,0
DA:53,0
DA:55,0
DA:56,0
DA:57,0
DA:60,0
DA:61,0
DA:65,0
DA:70,0
DA:71,0
DA:74,0
DA:78,0
DA:79,0
DA:82,0
DA:85,1
LF:32
LH:17
BRDA:11,0,0,1
BRDA:31,1,0,1
BRDA:38,2,0,2
BRDA:56,3,0,0
BRDA:70,4,0,0
BRDA:78,5,0,0
BRF:6
BRH:3
end_of_record
TN:
SF:src/utils/errorUtils.ts
FN:7,isAppError
FN:11,errorTypeToStatusCode
FN:19,conflictError
FN:23,notFoundError
FN:27,unauthorizedError
FN:31,wrongSchemaError
FNF:6
FNH:5
FNDA:7,isAppError
FNDA:7,errorTypeToStatusCode
FNDA:1,conflictError
FNDA:2,notFoundError
FNDA:0,unauthorizedError
FNDA:4,wrongSchemaError
DA:7,1
DA:8,7
DA:11,1
DA:12,7
DA:13,6
DA:14,4
DA:15,4
DA:16,0
DA:19,1
DA:20,1
DA:23,1
DA:24,2
DA:27,1
DA:28,0
DA:31,1
DA:32,4
LF:16
LH:14
BRDA:12,0,0,1
BRDA:13,1,0,2
BRDA:14,2,0,0
BRDA:15,3,0,4
BRDA:20,4,0,1
BRDA:20,4,1,0
BRDA:20,5,0,1
BRDA:20,5,1,1
BRDA:24,6,0,0
BRDA:24,6,1,2
BRDA:24,7,0,2
BRDA:24,7,1,2
BRDA:28,8,0,0
BRDA:28,8,1,0
BRDA:28,9,0,0
BRDA:28,9,1,0
BRDA:32,10,0,0
BRDA:32,10,1,4
BRDA:32,11,0,4
BRDA:32,11,1,4
BRF:20
BRH:12
end_of_record
TN:
SF:tests/factories/recommendFactory.ts
FN:3,CreateRecommendationFactory
FNF:1
FNH:1
FNDA:29,CreateRecommendationFactory
DA:1,1
DA:3,1
DA:5,29
LF:3
LH:3
BRF:0
BRH:0
end_of_record
TN:
SF:tests/factories/scenarioFactory.ts
FN:5,deleteData
FN:10,createScenario20Recommendations
FN:22,createScenarioToReturnOneRecommendation
FN:33,createScenarioToDeleteWithDownvote
FNF:4
FNH:4
FNDA:13,deleteData
FNDA:1,createScenario20Recommendations
FNDA:3,createScenarioToReturnOneRecommendation
FNDA:1,createScenarioToDeleteWithDownvote
DA:1,1
DA:2,1
DA:5,1
DA:7,13
DA:10,1
DA:12,1
DA:14,1
DA:15,19
DA:16,19
DA:19,1
DA:22,1
DA:24,3
DA:26,3
DA:30,3
DA:33,1
DA:34,1
DA:36,1
DA:40,1
LF:18
LH:18
BRF:0
BRH:0
end_of_record
